2025-06-13 14:52:08,916 - scrapers.bilibili - ERROR - 未登录
2025-06-13 14:52:09,777 - scrapers.bilibili - ERROR - 未登录
2025-06-13 14:52:14,329 - scrapers.bilibili - INFO - 等待二维码加载...
2025-06-13 14:52:20,043 - scrapers.bilibili - INFO - 等待二维码加载...
2025-06-13 14:53:22,184 - scrapers.bilibili - INFO - 等待二维码加载...
2025-06-13 14:53:30,235 - scrapers.bilibili - ERROR - 未登录
2025-06-13 14:53:37,447 - scrapers.bilibili - INFO - 等待二维码加载...
2025-06-13 14:53:42,385 - scrapers.bilibili - ERROR - 登录失败: Message: 
Stacktrace:
	GetHandleVerifier [0x0x7ff72c3cfe75+79173]
	GetHandleVerifier [0x0x7ff72c3cfed0+79264]
	(No symbol) [0x0x7ff72c189e5a]
	(No symbol) [0x0x7ff72c1e0586]
	(No symbol) [0x0x7ff72c1e083c]
	(No symbol) [0x0x7ff72c234247]
	(No symbol) [0x0x7ff72c2089af]
	(No symbol) [0x0x7ff72c23100d]
	(No symbol) [0x0x7ff72c208743]
	(No symbol) [0x0x7ff72c1d14c1]
	(No symbol) [0x0x7ff72c1d2253]
	GetHandleVerifier [0x0x7ff72c69a2ad+3004797]
	GetHandleVerifier [0x0x7ff72c6946fd+2981325]
	GetHandleVerifier [0x0x7ff72c6b3350+3107360]
	GetHandleVerifier [0x0x7ff72c3ea9fe+188622]
	GetHandleVerifier [0x0x7ff72c3f228f+219487]
	GetHandleVerifier [0x0x7ff72c3d8dc4+115860]
	GetHandleVerifier [0x0x7ff72c3d8f79+116297]
	GetHandleVerifier [0x0x7ff72c3bf528+11256]
	BaseThreadInitThunk [0x0x7ff8f44e257d+29]
	RtlUserThreadStart [0x0x7ff8f586aa48+40]

2025-06-13 14:53:55,633 - scrapers.bilibili - INFO - 等待二维码加载...
2025-06-13 14:53:57,690 - scrapers.bilibili - ERROR - 登录失败: Message: 
Stacktrace:
	GetHandleVerifier [0x0x7ff72c3cfe75+79173]
	GetHandleVerifier [0x0x7ff72c3cfed0+79264]
	(No symbol) [0x0x7ff72c189e5a]
	(No symbol) [0x0x7ff72c1e0586]
	(No symbol) [0x0x7ff72c1e083c]
	(No symbol) [0x0x7ff72c234247]
	(No symbol) [0x0x7ff72c2089af]
	(No symbol) [0x0x7ff72c23100d]
	(No symbol) [0x0x7ff72c208743]
	(No symbol) [0x0x7ff72c1d14c1]
	(No symbol) [0x0x7ff72c1d2253]
	GetHandleVerifier [0x0x7ff72c69a2ad+3004797]
	GetHandleVerifier [0x0x7ff72c6946fd+2981325]
	GetHandleVerifier [0x0x7ff72c6b3350+3107360]
	GetHandleVerifier [0x0x7ff72c3ea9fe+188622]
	GetHandleVerifier [0x0x7ff72c3f228f+219487]
	GetHandleVerifier [0x0x7ff72c3d8dc4+115860]
	GetHandleVerifier [0x0x7ff72c3d8f79+116297]
	GetHandleVerifier [0x0x7ff72c3bf528+11256]
	BaseThreadInitThunk [0x0x7ff8f44e257d+29]
	RtlUserThreadStart [0x0x7ff8f586aa48+40]

2025-06-13 14:53:58,354 - scrapers.bilibili - INFO - 等待二维码加载...
2025-06-13 14:54:22,681 - scrapers.bilibili - INFO - 等待二维码加载...
2025-06-13 14:54:42,871 - scrapers.bilibili - ERROR - 登录失败: Message: 
Stacktrace:
	GetHandleVerifier [0x0x7ff72c3cfe75+79173]
	GetHandleVerifier [0x0x7ff72c3cfed0+79264]
	(No symbol) [0x0x7ff72c189e5a]
	(No symbol) [0x0x7ff72c1e0586]
	(No symbol) [0x0x7ff72c1e083c]
	(No symbol) [0x0x7ff72c234247]
	(No symbol) [0x0x7ff72c2089af]
	(No symbol) [0x0x7ff72c23100d]
	(No symbol) [0x0x7ff72c208743]
	(No symbol) [0x0x7ff72c1d14c1]
	(No symbol) [0x0x7ff72c1d2253]
	GetHandleVerifier [0x0x7ff72c69a2ad+3004797]
	GetHandleVerifier [0x0x7ff72c6946fd+2981325]
	GetHandleVerifier [0x0x7ff72c6b3350+3107360]
	GetHandleVerifier [0x0x7ff72c3ea9fe+188622]
	GetHandleVerifier [0x0x7ff72c3f228f+219487]
	GetHandleVerifier [0x0x7ff72c3d8dc4+115860]
	GetHandleVerifier [0x0x7ff72c3d8f79+116297]
	GetHandleVerifier [0x0x7ff72c3bf528+11256]
	BaseThreadInitThunk [0x0x7ff8f44e257d+29]
	RtlUserThreadStart [0x0x7ff8f586aa48+40]

2025-06-13 14:54:52,514 - scrapers.bilibili - INFO - 等待二维码加载...
2025-06-13 14:55:04,899 - scrapers.bilibili - ERROR - 登录失败: Message: no such window: target window already closed
from unknown error: web view not found
  (Session info: chrome=137.0.7151.70)
Stacktrace:
	GetHandleVerifier [0x0x7ff72c3cfe75+79173]
	GetHandleVerifier [0x0x7ff72c3cfed0+79264]
	(No symbol) [0x0x7ff72c189e5a]
	(No symbol) [0x0x7ff72c1620f1]
	(No symbol) [0x0x7ff72c21017e]
	(No symbol) [0x0x7ff72c230922]
	(No symbol) [0x0x7ff72c208743]
	(No symbol) [0x0x7ff72c1d14c1]
	(No symbol) [0x0x7ff72c1d2253]
	GetHandleVerifier [0x0x7ff72c69a2ad+3004797]
	GetHandleVerifier [0x0x7ff72c6946fd+2981325]
	GetHandleVerifier [0x0x7ff72c6b3350+3107360]
	GetHandleVerifier [0x0x7ff72c3ea9fe+188622]
	GetHandleVerifier [0x0x7ff72c3f228f+219487]
	GetHandleVerifier [0x0x7ff72c3d8dc4+115860]
	GetHandleVerifier [0x0x7ff72c3d8f79+116297]
	GetHandleVerifier [0x0x7ff72c3bf528+11256]
	BaseThreadInitThunk [0x0x7ff8f44e257d+29]
	RtlUserThreadStart [0x0x7ff8f586aa48+40]

2025-06-13 14:55:14,358 - scrapers.bilibili - INFO - 等待二维码加载...
2025-06-13 14:55:34,866 - scrapers.bilibili - ERROR - 登录失败: Message: 
Stacktrace:
	GetHandleVerifier [0x0x7ff72c3cfe75+79173]
	GetHandleVerifier [0x0x7ff72c3cfed0+79264]
	(No symbol) [0x0x7ff72c189e5a]
	(No symbol) [0x0x7ff72c1e0586]
	(No symbol) [0x0x7ff72c1e083c]
	(No symbol) [0x0x7ff72c234247]
	(No symbol) [0x0x7ff72c2089af]
	(No symbol) [0x0x7ff72c23100d]
	(No symbol) [0x0x7ff72c208743]
	(No symbol) [0x0x7ff72c1d14c1]
	(No symbol) [0x0x7ff72c1d2253]
	GetHandleVerifier [0x0x7ff72c69a2ad+3004797]
	GetHandleVerifier [0x0x7ff72c6946fd+2981325]
	GetHandleVerifier [0x0x7ff72c6b3350+3107360]
	GetHandleVerifier [0x0x7ff72c3ea9fe+188622]
	GetHandleVerifier [0x0x7ff72c3f228f+219487]
	GetHandleVerifier [0x0x7ff72c3d8dc4+115860]
	GetHandleVerifier [0x0x7ff72c3d8f79+116297]
	GetHandleVerifier [0x0x7ff72c3bf528+11256]
	BaseThreadInitThunk [0x0x7ff8f44e257d+29]
	RtlUserThreadStart [0x0x7ff8f586aa48+40]

2025-06-13 14:55:46,673 - scrapers.bilibili - ERROR - 未登录
2025-06-13 14:56:34,813 - scrapers.bilibili - INFO - 等待二维码加载...
2025-06-13 14:57:28,486 - scrapers.bilibili - INFO - 等待二维码加载...
2025-06-13 14:57:44,658 - scrapers.bilibili - ERROR - 等待二维码加载失败: Message: no such window: target window already closed
from unknown error: web view not found
  (Session info: chrome=137.0.7151.70)
Stacktrace:
	GetHandleVerifier [0x0x7ff72c3cfe75+79173]
	GetHandleVerifier [0x0x7ff72c3cfed0+79264]
	(No symbol) [0x0x7ff72c189e5a]
	(No symbol) [0x0x7ff72c1620f1]
	(No symbol) [0x0x7ff72c21017e]
	(No symbol) [0x0x7ff72c230922]
	(No symbol) [0x0x7ff72c208743]
	(No symbol) [0x0x7ff72c1d14c1]
	(No symbol) [0x0x7ff72c1d2253]
	GetHandleVerifier [0x0x7ff72c69a2ad+3004797]
	GetHandleVerifier [0x0x7ff72c6946fd+2981325]
	GetHandleVerifier [0x0x7ff72c6b3350+3107360]
	GetHandleVerifier [0x0x7ff72c3ea9fe+188622]
	GetHandleVerifier [0x0x7ff72c3f228f+219487]
	GetHandleVerifier [0x0x7ff72c3d8dc4+115860]
	GetHandleVerifier [0x0x7ff72c3d8f79+116297]
	GetHandleVerifier [0x0x7ff72c3bf528+11256]
	BaseThreadInitThunk [0x0x7ff8f44e257d+29]
	RtlUserThreadStart [0x0x7ff8f586aa48+40]

2025-06-13 14:59:56,538 - scrapers.bilibili - INFO - 等待二维码加载...
2025-06-13 15:00:26,615 - scrapers.bilibili - ERROR - 等待二维码加载失败: Message: invalid session id
Stacktrace:
	GetHandleVerifier [0x0x7ff72c3cfe75+79173]
	GetHandleVerifier [0x0x7ff72c3cfed0+79264]
	(No symbol) [0x0x7ff72c189c8c]
	(No symbol) [0x0x7ff72c1d05ef]
	(No symbol) [0x0x7ff72c208832]
	(No symbol) [0x0x7ff72c203233]
	(No symbol) [0x0x7ff72c2022f9]
	(No symbol) [0x0x7ff72c155fc5]
	GetHandleVerifier [0x0x7ff72c69a2ad+3004797]
	GetHandleVerifier [0x0x7ff72c6946fd+2981325]
	GetHandleVerifier [0x0x7ff72c6b3350+3107360]
	GetHandleVerifier [0x0x7ff72c3ea9fe+188622]
	GetHandleVerifier [0x0x7ff72c3f228f+219487]
	(No symbol) [0x0x7ff72c155036]
	GetHandleVerifier [0x0x7ff72c7b3c48+4158232]
	BaseThreadInitThunk [0x0x7ff8f44e257d+29]
	RtlUserThreadStart [0x0x7ff8f586aa48+40]

2025-06-13 15:01:04,364 - scrapers.bilibili - ERROR - 登录失败: 412 Client Error: Precondition Failed for url: https://account.bilibili.com/h5/account-h5/auth/scan-web?navhide=1&callback=close&qrcode_key=e108f57f307c269b98bba416c1897732&from=
2025-06-13 15:01:10,594 - scrapers.bilibili - ERROR - 登录失败: 412 Client Error: Precondition Failed for url: https://account.bilibili.com/h5/account-h5/auth/scan-web?navhide=1&callback=close&qrcode_key=da45727e818a47c3da2d2a8951b7f637&from=
2025-06-13 15:06:49,874 - scrapers.bilibili - INFO - 等待二维码加载...
2025-06-13 15:06:59,885 - scrapers.bilibili - ERROR - 登录失败: Page.wait_for_selector: Timeout 10000ms exceeded.
Call log:
  - waiting for locator(".qrcode-img img") to be visible

2025-06-13 15:08:19,182 - scrapers.bilibili - INFO - 等待二维码加载...
2025-06-13 15:08:29,201 - scrapers.bilibili - ERROR - 登录失败: Page.wait_for_selector: Timeout 10000ms exceeded.
Call log:
  - waiting for locator("div[class*=\"qrcode-img\"] img, .qrcode-img img, .login-qrcode-img img") to be visible

2025-06-13 15:09:29,388 - scrapers.bilibili - INFO - 正在访问登录页面...
2025-06-13 15:09:30,498 - scrapers.bilibili - INFO - 页面加载完成
2025-06-13 15:09:30,507 - scrapers.bilibili - INFO - DOM加载完成
2025-06-13 15:09:30,507 - scrapers.bilibili - INFO - 等待二维码加载...
2025-06-13 15:09:30,507 - scrapers.bilibili - INFO - 尝试选择器: div[class*="qrcode-img"] img
2025-06-13 15:09:47,787 - scrapers.bilibili - WARNING - 选择器 div[class*="qrcode-img"] img 失败: Page.wait_for_selector: Target page, context or browser has been closed
Call log:
  - waiting for locator("div[class*=\"qrcode-img\"] img") to be visible
    - waiting for" https://www.bilibili.com/" navigation to finish...
    - navigated to "https://www.bilibili.com/"

2025-06-13 15:09:47,788 - scrapers.bilibili - INFO - 尝试选择器: .qrcode-img img
2025-06-13 15:09:47,793 - scrapers.bilibili - WARNING - 选择器 .qrcode-img img 失败: Page.wait_for_selector: Target page, context or browser has been closed
2025-06-13 15:09:47,793 - scrapers.bilibili - INFO - 尝试选择器: .login-qrcode-img img
2025-06-13 15:09:47,799 - scrapers.bilibili - WARNING - 选择器 .login-qrcode-img img 失败: Page.wait_for_selector: Target page, context or browser has been closed
2025-06-13 15:09:47,799 - scrapers.bilibili - INFO - 尝试选择器: img[src*="qrcode"]
2025-06-13 15:09:47,805 - scrapers.bilibili - WARNING - 选择器 img[src*="qrcode"] 失败: Page.wait_for_selector: Target page, context or browser has been closed
2025-06-13 15:09:47,806 - scrapers.bilibili - ERROR - 无法找到二维码元素
2025-06-13 15:10:22,031 - scrapers.bilibili - INFO - 正在访问登录页面...
2025-06-13 15:10:28,111 - scrapers.bilibili - INFO - 页面加载完成
2025-06-13 15:10:35,326 - scrapers.bilibili - ERROR - 点击登录按钮失败: ElementHandle.click: Element is not attached to the DOM
Call log:
  - attempting click action
    2 × waiting for element to be visible, enabled and stable
      - element is visible, enabled and stable
      - scrolling into view if needed
      - done scrolling
      - <div class="bili-mini-mask fade-enter-active fade-enter-to">…</div> intercepts pointer events
    - retrying click action
    - waiting 20ms
    2 × waiting for element to be visible, enabled and stable
      - element is visible, enabled and stable
      - scrolling into view if needed
      - done scrolling
      - <div class="bili-mini-mask">…</div> intercepts pointer events
    - retrying click action
      - waiting 100ms
    11 × waiting for element to be visible, enabled and stable
       - element is visible, enabled and stable
       - scrolling into view if needed
       - done scrolling
       - <div class="bili-mini-mask">…</div> intercepts pointer events
     - retrying click action
       - waiting 500ms
    - waiting for element to be visible, enabled and stable
    - element is visible, enabled and stable
    - scrolling into view if needed
    - done scrolling
    - <div class="toast__mask toast-enter-active toast-enter-to">…</div> intercepts pointer events
  - retrying click action
    - waiting 500ms
    - waiting for element to be visible, enabled and stable
    - element is visible, enabled and stable
    - scrolling into view if needed
    - done scrolling
    - <div class="toast__mask">…</div> intercepts pointer events
  - retrying click action
    - waiting 500ms
    - waiting for element to be visible, enabled and stable

2025-06-13 15:11:11,224 - scrapers.bilibili - INFO - 正在访问登录页面...
2025-06-13 15:11:17,343 - scrapers.bilibili - INFO - 页面加载完成
2025-06-13 15:11:17,396 - scrapers.bilibili - INFO - 等待遮罩层消失...
2025-06-13 15:11:34,836 - scrapers.bilibili - ERROR - 点击登录按钮失败: Page.wait_for_selector: Timeout 10000ms exceeded.
Call log:
  - waiting for locator(".header-login-entry") to be visible

2025-06-13 15:15:56,933 - main - ERROR - 程序运行出错：'MainWindow' object has no attribute 'status_label'
